[Message]:
	Template file does not exist!
[File]:
	/System/Lib/Template.php (157)
[Trace]:
	#0 [15-04-07 03:57:23] /System/Lib/Template.php(44) Lib\Template::createFile(E:\Web\Air/Module//View/index.html)
	#1 [15-04-07 03:57:23] /System/Lib/Controller.php(46) Lib\Template::tpl(index.html)
	#2 [15-04-07 03:57:23] /index.php(12) require(E:\Web\Air\System\App.php)

[Message]:
	Template file does not exist!
[File]:
	/System/Lib/Template.php (157)
[Trace]:
	#0 [15-04-07 03:58:26] /System/Lib/Template.php(44) Lib\Template::createFile(E:\Web\Air/Module//View/index.html)
	#1 [15-04-07 03:58:26] /System/Lib/Controller.php(46) Lib\Template::tpl(index.html)
	#2 [15-04-07 03:58:26] /index.php(12) require(E:\Web\Air\System\App.php)

[Message]:
	Template file does not exist!
[File]:
	/System/Lib/Template.php (157)
[Trace]:
	#0 [15-04-07 04:00:18] /System/Lib/Template.php(44) Lib\Template::createFile(E:\Web\Air/Module//View/index.html)
	#1 [15-04-07 04:00:18] /System/Lib/Controller.php(46) Lib\Template::tpl(index.html)
	#2 [15-04-07 04:00:18] /index.php(12) require(E:\Web\Air\System\App.php)

[Message]:
	Template file does not exist!
[File]:
	/System/Lib/Template.php (157)
[Trace]:
	#0 [15-04-07 04:00:34] /System/Lib/Template.php(44) Lib\Template::createFile(E:\Web\Air/Module//View/index.html)
	#1 [15-04-07 04:00:34] /System/Lib/Controller.php(46) Lib\Template::tpl(index.html)
	#2 [15-04-07 04:00:34] /index.php(12) require(E:\Web\Air\System\App.php)

[Message]:
	Template file does not exist!
[File]:
	/System/Lib/Template.php (157)
[Trace]:
	#0 [15-04-07 04:01:28] /System/Lib/Template.php(44) Lib\Template::createFile(E:\Web\Air/Module//View/index.html)
	#1 [15-04-07 04:01:28] /System/Lib/Controller.php(46) Lib\Template::tpl(index.html)
	#2 [15-04-07 04:01:28] /index.php(12) require(E:\Web\Air\System\App.php)

[Message]:
	Template file does not exist!
[File]:
	/System/Lib/Template.php (157)
[Trace]:
	#0 [15-04-07 04:03:36] /System/Lib/Template.php(44) Lib\Template::createFile(E:\Web\Air/Module//View/index.html)
	#1 [15-04-07 04:03:36] /System/Lib/Controller.php(46) Lib\Template::tpl(index.html)
	#2 [15-04-07 04:03:36] /index.php(12) require(E:\Web\Air\System\App.php)

[Message]:
	Template file does not exist!
[File]:
	/System/Lib/Template.php (157)
[Trace]:
	#0 [15-04-07 04:03:52] /System/Lib/Template.php(44) Lib\Template::createFile(E:\Web\Air/Module//View/index.html)
	#1 [15-04-07 04:03:52] /System/Lib/Controller.php(46) Lib\Template::tpl(index.html)
	#2 [15-04-07 04:03:52] /index.php(12) require(E:\Web\Air\System\App.php)

[Message]:
	Template file does not exist!
[File]:
	/System/Lib/Template.php (157)
[Trace]:
	#0 [15-04-07 04:04:15] /System/Lib/Template.php(44) Lib\Template::createFile(E:\Web\Air/Module//View/index.html)
	#1 [15-04-07 04:04:15] /System/Lib/Controller.php(46) Lib\Template::tpl(index.html)
	#2 [15-04-07 04:04:15] /index.php(12) require(E:\Web\Air\System\App.php)

[Message]:
	Template file does not exist!
[File]:
	/System/Lib/Template.php (157)
[Trace]:
	#0 [15-04-07 04:04:28] /System/Lib/Template.php(44) Lib\Template::createFile(E:\Web\Air/Module//View/index.html)
	#1 [15-04-07 04:04:28] /System/Lib/Controller.php(46) Lib\Template::tpl(index.html)
	#2 [15-04-07 04:04:28] /index.php(12) require(E:\Web\Air\System\App.php)

[Message]:
	/Module//aController.php File does not exist!
[File]:
	/System/Lib/Lib.php (67)
[Trace]:
	#0 [15-04-07 04:04:56]  Lib\Lib::__autoload(aController)
	#1 [15-04-07 04:04:56] /index.php(12) require(E:\Web\Air\System\App.php)

[Message]:
	Template file does not exist!
[File]:
	/System/Lib/Template.php (157)
[Trace]:
	#0 [15-04-07 04:06:13] /System/Lib/Template.php(44) Lib\Template::createFile(E:\Web\Air/Module//View/index.html)
	#1 [15-04-07 04:06:13] /System/Lib/Controller.php(46) Lib\Template::tpl(index.html)
	#2 [15-04-07 04:06:13] /index.php(12) require(E:\Web\Air\System\App.php)

[Message]:
	Template file does not exist!
[File]:
	/System/Lib/Template.php (157)
[Trace]:
	#0 [15-04-07 04:12:35] /System/Lib/Template.php(44) Lib\Template::createFile(E:\Web\Air/Module//View/index.html)
	#1 [15-04-07 04:12:35] /System/Lib/Controller.php(46) Lib\Template::tpl(index.html)
	#2 [15-04-07 04:12:35] /index.php(12) require(E:\Web\Air\System\App.php)

[Message]:
	SQLSTATE[HY000] [2002] 由于目标计算机积极拒绝，无法连接。

[File]:
	/System/Driver/DbPdo.php (36)
[Trace]:
	#0 [15-04-07 14:14:28] /System/Lib/Model.php(37) Lib\Driver\DbPdo->__construct(Array( [URL_TYPE] => 1 [CONTROLLER] => Controller [DEFAULT_MODULE] => home [DEFAULT_CONTROLLER] => Home\App\Controller\home [DEFAULT_OPERATE] => index [DEBUGS] => 1 [CACHE] =>  [KEYS] => admin123 [SESSION_EXT] => se_ [SESSION_DOMAIN] =>  [DB_HOST] => localhost [DB_USER] => root [DB_PASS] =>  [DB_NAME] => cmcc [DB_TYPE] => Pdo [DB_PREFIX] =>  [DB_VIEW_PREFIX] => f_view_))
	#1 [15-04-07 14:14:28] /System/Lib/Model.php(25) Lib\Model->getDbObject(DbPdo)
	#2 [15-04-07 14:14:28] /System/Lib/Lib.php(123) Lib\Model->__construct()
	#3 [15-04-07 14:14:28] /index.php(12) require(E:\Web\Air\System\App.php)

[Message]:
	Template file does not exist!
[File]:
	/System/Lib/Template.php (157)
[Trace]:
	#0 [15-04-07 14:16:47] /System/Lib/Template.php(44) Lib\Template::createFile(E:\Web\Air/Module//View/index.html)
	#1 [15-04-07 14:16:47] /System/Lib/Controller.php(46) Lib\Template::tpl(index.html)
	#2 [15-04-07 14:16:47] /index.php(12) require(E:\Web\Air\System\App.php)

[Message]:
	Template file does not exist!
[File]:
	/System/Lib/Template.php (157)
[Trace]:
	#0 [15-04-07 14:17:43] /System/Lib/Template.php(44) Lib\Template::createFile(E:\Web\Air/Module//View/index.html)
	#1 [15-04-07 14:17:43] /System/Lib/Controller.php(46) Lib\Template::tpl(index.html)
	#2 [15-04-07 14:17:43] /index.php(12) require(E:\Web\Air\System\App.php)

