[Message]:
	
[File]:
	/System/Lib/Controller.php (40)
[Trace]:
	#0 [16-01-24 14:14:35] /index.php(10) require(D:\wamp\www\frame\System\App.php)

[Message]:
	
[File]:
	/System/Lib/Controller.php (40)
[Trace]:
	#0 [16-01-24 14:15:50] /index.php(10) require(D:\wamp\www\frame\System\App.php)

[Message]:
	
[File]:
	/System/Lib/Controller.php (40)
[Trace]:
	#0 [16-01-24 14:15:51] /index.php(10) require(D:\wamp\www\frame\System\App.php)

[Message]:
	
[File]:
	/System/Lib/Controller.php (40)
[Trace]:
	#0 [16-01-24 14:15:53] /index.php(10) require(D:\wamp\www\frame\System\App.php)

[Message]:
	
[File]:
	/System/Lib/Controller.php (40)
[Trace]:
	#0 [16-01-24 14:15:53] /index.php(10) require(D:\wamp\www\frame\System\App.php)

[Message]:
	
[File]:
	/System/Lib/Controller.php (40)
[Trace]:
	#0 [16-01-24 14:15:53] /index.php(10) require(D:\wamp\www\frame\System\App.php)

[Message]:
	
[File]:
	/System/Lib/Controller.php (40)
[Trace]:
	#0 [16-01-24 14:16:58] /index.php(10) require(D:\wamp\www\frame\System\App.php)

[Message]:
	
[File]:
	/System/Lib/Controller.php (40)
[Trace]:
	#0 [16-01-24 14:17:50] /index.php(10) require(D:\wamp\www\frame\System\App.php)

[Message]:
	
[File]:
	/System/Lib/Controller.php (40)
[Trace]:
	#0 [16-01-24 14:17:51] /index.php(10) require(D:\wamp\www\frame\System\App.php)

[Message]:
	
[File]:
	/System/Lib/Controller.php (40)
[Trace]:
	#0 [16-01-24 14:17:51] /index.php(10) require(D:\wamp\www\frame\System\App.php)

[Message]:
	
[File]:
	/System/Lib/Controller.php (40)
[Trace]:
	#0 [16-01-24 14:17:51] /index.php(10) require(D:\wamp\www\frame\System\App.php)

[Message]:
	
[File]:
	/System/Lib/Controller.php (40)
[Trace]:
	#0 [16-01-24 14:17:51] /index.php(10) require(D:\wamp\www\frame\System\App.php)

[Message]:
	
[File]:
	/System/Lib/Controller.php (40)
[Trace]:
	#0 [16-01-24 14:17:51] /index.php(10) require(D:\wamp\www\frame\System\App.php)

[Message]:
	
[File]:
	/System/Lib/Controller.php (40)
[Trace]:
	#0 [16-01-24 14:17:52] /index.php(10) require(D:\wamp\www\frame\System\App.php)

[Message]:
	
[File]:
	/System/Lib/Controller.php (40)
[Trace]:
	#0 [16-01-24 14:17:52] /index.php(10) require(D:\wamp\www\frame\System\App.php)

[Message]:
	
[File]:
	/System/Lib/Controller.php (40)
[Trace]:
	#0 [16-01-24 14:17:52] /index.php(10) require(D:\wamp\www\frame\System\App.php)

[Message]:
	
[File]:
	/System/Lib/Controller.php (40)
[Trace]:
	#0 [16-01-24 14:24:06] /index.php(10) require(D:\wamp\www\frame\System\App.php)

[Message]:
	
[File]:
	/System/Lib/Controller.php (41)
[Trace]:
	#0 [16-01-24 14:30:35] /index.php(10) require(D:\wamp\www\frame\System\App.php)

[Message]:
	
[File]:
	/System/Lib/Controller.php (41)
[Trace]:
	#0 [16-01-24 14:30:35] /index.php(10) require(D:\wamp\www\frame\System\App.php)

[Message]:
	
[File]:
	/System/Lib/Controller.php (41)
[Trace]:
	#0 [16-01-24 14:30:42] /index.php(10) require(D:\wamp\www\frame\System\App.php)

[Message]:
	
[File]:
	/System/Lib/Controller.php (41)
[Trace]:
	#0 [16-01-24 14:30:42] /index.php(10) require(D:\wamp\www\frame\System\App.php)

[Message]:
	
[File]:
	/System/Lib/Controller.php (41)
[Trace]:
	#0 [16-01-24 14:30:42] /index.php(10) require(D:\wamp\www\frame\System\App.php)

[Message]:
	
[File]:
	/System/Lib/Controller.php (41)
[Trace]:
	#0 [16-01-24 14:30:42] /index.php(10) require(D:\wamp\www\frame\System\App.php)

[Message]:
	
[File]:
	/System/Lib/Controller.php (41)
[Trace]:
	#0 [16-01-24 14:30:43] /index.php(10) require(D:\wamp\www\frame\System\App.php)

[Message]:
	
[File]:
	/System/Lib/Controller.php (40)
[Trace]:
	#0 [16-01-24 14:31:07] /index.php(10) require(D:\wamp\www\frame\System\App.php)

[Message]:
	
[File]:
	/System/Lib/Controller.php (40)
[Trace]:
	#0 [16-01-24 14:31:14] /index.php(10) require(D:\wamp\www\frame\System\App.php)

[Message]:
	
[File]:
	/System/Lib/Controller.php (40)
[Trace]:
	#0 [16-01-24 14:31:14] /index.php(10) require(D:\wamp\www\frame\System\App.php)

[Message]:
	
[File]:
	/System/Lib/Controller.php (40)
[Trace]:
	#0 [16-01-24 14:31:15] /index.php(10) require(D:\wamp\www\frame\System\App.php)

[Message]:
	
[File]:
	/System/Lib/Controller.php (40)
[Trace]:
	#0 [16-01-24 14:31:15] /index.php(10) require(D:\wamp\www\frame\System\App.php)

[Message]:
	
[File]:
	/System/Lib/Controller.php (40)
[Trace]:
	#0 [16-01-24 14:31:15] /index.php(10) require(D:\wamp\www\frame\System\App.php)

[Message]:
	
[File]:
	/System/Lib/Controller.php (40)
[Trace]:
	#0 [16-01-24 14:31:15] /index.php(10) require(D:\wamp\www\frame\System\App.php)

[Message]:
	
[File]:
	/System/Lib/Controller.php (40)
[Trace]:
	#0 [16-01-24 14:32:24] /index.php(10) require(D:\wamp\www\frame\System\App.php)

[Message]:
	
[File]:
	/System/Lib/Controller.php (40)
[Trace]:
	#0 [16-01-24 14:32:25] /index.php(10) require(D:\wamp\www\frame\System\App.php)

[Message]:
	
[File]:
	/System/Lib/Controller.php (40)
[Trace]:
	#0 [16-01-24 14:35:19] /index.php(10) require(D:\wamp\www\frame\System\App.php)

[Message]:
	
[File]:
	/System/Lib/Controller.php (40)
[Trace]:
	#0 [16-01-24 14:35:20] /index.php(10) require(D:\wamp\www\frame\System\App.php)

[Message]:
	
[File]:
	/System/Lib/Controller.php (40)
[Trace]:
	#0 [16-01-24 14:35:20] /index.php(10) require(D:\wamp\www\frame\System\App.php)

[Message]:
	
[File]:
	/System/Lib/Controller.php (40)
[Trace]:
	#0 [16-01-24 14:35:21] /index.php(10) require(D:\wamp\www\frame\System\App.php)

[Message]:
	/Module/Lib/Controller.php File does not exist!
[File]:
	/System/Lib/Lib.php (130)
[Trace]:
	#0 [16-01-24 14:35:25]  Lib\Lib::__autoload(Lib\Controller)
	#1 [16-01-24 14:35:25] /Module/Admin/Controller/loginController.php(15) spl_autoload_call(Lib\Controller)
	#2 [16-01-24 14:35:25] /System/Lib/Lib.php(126) require_once(D:\wamp\www\frame\Module\Admin\Controller\loginController.php)
	#3 [16-01-24 14:35:25] /System/Lib/Lib.php Lib\Lib::__autoload(Admin\Controller\loginController)
	#4 [16-01-24 14:35:25] /index.php(10) require(D:\wamp\www\frame\System\App.php)

[Message]:
	
[File]:
	/System/Lib/Controller.php (40)
[Trace]:
	#0 [16-01-24 14:36:34] /index.php(10) require(D:\wamp\www\frame\System\App.php)

[Message]:
	
[File]:
	/System/Lib/Controller.php (40)
[Trace]:
	#0 [16-01-24 14:36:35] /index.php(10) require(D:\wamp\www\frame\System\App.php)

[Message]:
	
[File]:
	/System/Lib/Controller.php (40)
[Trace]:
	#0 [16-01-24 14:36:35] /index.php(10) require(D:\wamp\www\frame\System\App.php)

[Message]:
	
[File]:
	/System/Lib/Controller.php (40)
[Trace]:
	#0 [16-01-24 14:36:36] /index.php(10) require(D:\wamp\www\frame\System\App.php)

[Message]:
	
[File]:
	/System/Lib/Controller.php (40)
[Trace]:
	#0 [16-01-24 14:36:36] /index.php(10) require(D:\wamp\www\frame\System\App.php)

[Message]:
	
[File]:
	/System/Lib/Controller.php (40)
[Trace]:
	#0 [16-01-24 14:37:04] /index.php(10) require(D:\wamp\www\frame\System\App.php)

[Message]:
	Cache file error, check the directory “/Module/Admin/Data/Data” writable
[File]:
	/System/Lib/Controller.php (40)
[Trace]:
	#0 [16-01-24 14:37:04] /index.php(10) require(D:\wamp\www\frame\System\App.php)

[Message]:
	Cache file error, check the directory “/Module/Admin/Data/Data” writable
[File]:
	/System/Lib/Controller.php (40)
[Trace]:
	#0 [16-01-24 14:37:04] /index.php(10) require(D:\wamp\www\frame\System\App.php)

[Message]:
	Cache file error, check the directory “/Module/Admin/Data/Data” writable
[File]:
	/System/Lib/Controller.php (40)
[Trace]:
	#0 [16-01-24 14:37:05] /index.php(10) require(D:\wamp\www\frame\System\App.php)

[Message]:
	Cache file error, check the directory “/Module/Admin/Data/Data” writable
[File]:
	/System/Lib/Controller.php (40)
[Trace]:
	#0 [16-01-24 14:37:41] /index.php(10) require(D:\wamp\www\frame\System\App.php)

[Message]:
	Cache file error, check the directory “/Module/Admin/Data/Data” writable
[File]:
	/System/Lib/Controller.php (40)
[Trace]:
	#0 [16-01-24 14:37:44] /index.php(10) require(D:\wamp\www\frame\System\App.php)

